<?xml version="1.0" encoding="UTF-8"?>
<!-- Generated by org.testng.reporters.JUnitXMLReporter -->
<testsuite ignored="3" hostname="KGM-LT-314" failures="0" tests="1" name="Default test" time="4.308" errors="0" timestamp="2024-12-10T10:39:54 IST">
  <testcase classname="com.qa.testcases.Safrantest" name="loginPageTitleTest" time="0.025"/>
  <testcase classname="com.qa.testcases.Safrantest" name="LogoImageTest" time="0.0">
    <ignored/>
  </testcase> <!-- LogoImageTest -->
  <testcase classname="com.qa.testcases.Safrantest" name="verifyLoginsucess" time="0.0">
    <ignored/>
  </testcase> <!-- verifyLoginsucess -->
  <testcase classname="com.qa.testcases.Safrantest" name="loginTest" time="0.0">
    <ignored/>
  </testcase> <!-- loginTest -->
</testsuite> <!-- Default test -->
