<?xml version="1.0" encoding="UTF-8"?>
<!-- Generated by org.testng.reporters.JUnitXMLReporter -->
<testsuite ignored="0" hostname="KGM-LT-314" failures="0" tests="4" name="Default test" time="18.368" errors="0" timestamp="2024-12-16T12:51:18 IST">
  <testcase classname="com.qa.testcases.Safrantest" name="loginPageTitleTest" time="0.021"/>
  <testcase classname="com.qa.testcases.Safrantest" name="LogoImageTest" time="0.103"/>
  <testcase classname="com.qa.testcases.Safrantest" name="loginTest" time="0.405"/>
  <testcase classname="com.qa.testcases.Safrantest" name="verifyLoginsucess" time="0.598"/>
</testsuite> <!-- Default test -->
