<?xml version="1.0" encoding="UTF-8"?>
<!-- Generated by org.testng.reporters.JUnitXMLReporter -->
<testsuite ignored="0" hostname="KGM-LT-314" failures="0" tests="4" name="Sample Test" time="15.277" errors="0" timestamp="2024-12-10T10:36:10 IST">
  <testcase classname="com.qa.testcases.Safrantest" name="loginPageTitleTest" time="0.019"/>
  <testcase classname="com.qa.testcases.Safrantest" name="LogoImageTest" time="0.122"/>
  <testcase classname="com.qa.testcases.Safrantest" name="loginTest" time="0.419"/>
  <testcase classname="com.qa.testcases.Safrantest" name="verifyLoginsucess" time="0.602"/>
</testsuite> <!-- Sample Test -->
