<?xml version="1.0" encoding="UTF-8"?>
<testng-results ignored="3" total="4" passed="1" failed="0" skipped="0">
  <reporter-output>
  </reporter-output>
  <suite started-at="2024-12-10T10:39:49 IST" name="Default suite" finished-at="2024-12-10T10:39:54 IST" duration-ms="4308">
    <groups>
    </groups>
    <test started-at="2024-12-10T10:39:49 IST" name="Default test" finished-at="2024-12-10T10:39:54 IST" duration-ms="4308">
      <class name="com.qa.testcases.Safrantest">
        <test-method is-config="true" signature="setUp()[pri:0, instance:com.qa.testcases.Safrantest@1f2586d6]" started-at="2024-12-10T10:39:49 IST" name="setUp" finished-at="2024-12-10T10:39:53 IST" duration-ms="3729" status="PASS">
          <reporter-output>
          </reporter-output>
        </test-method> <!-- setUp -->
        <test-method signature="loginPageTitleTest()[pri:1, instance:com.qa.testcases.Safrantest@1f2586d6]" started-at="2024-12-10T10:39:53 IST" name="loginPageTitleTest" finished-at="2024-12-10T10:39:53 IST" duration-ms="25" status="PASS">
          <reporter-output>
          </reporter-output>
        </test-method> <!-- loginPageTitleTest -->
        <test-method is-config="true" signature="tearDown(org.testng.ITestResult)[pri:0, instance:com.qa.testcases.Safrantest@1f2586d6]" started-at="2024-12-10T10:39:53 IST" name="tearDown" finished-at="2024-12-10T10:39:53 IST" duration-ms="492" status="PASS">
          <params>
            <param index="0">
              <value>
                <![CDATA[[TestResult name=loginPageTitleTest status=SUCCESS method=Safrantest.loginPageTitleTest()[pri:1, instance:com.qa.testcases.Safrantest@1f2586d6] output={null}]]]>
              </value>
            </param>
          </params>
          <reporter-output>
          </reporter-output>
        </test-method> <!-- tearDown -->
        <test-method is-config="true" signature="sendReportAfterSuite()[pri:0, instance:com.qa.testcases.Safrantest@1f2586d6]" started-at="2024-12-10T10:39:54 IST" name="sendReportAfterSuite" finished-at="2024-12-10T10:39:59 IST" duration-ms="5099" status="PASS">
          <reporter-output>
          </reporter-output>
        </test-method> <!-- sendReportAfterSuite -->
      </class> <!-- com.qa.testcases.Safrantest -->
    </test> <!-- Default test -->
  </suite> <!-- Default suite -->
</testng-results>
